<?xml version="1.0" encoding="UTF-8"?>
<testsuite name="com.jojoldu.book.springboot.web.HelloControllerTest" tests="2" skipped="0" failures="0" errors="0" timestamp="2021-07-25T15:43:54" hostname="DESKTOP-13FLTSJ" time="0.243">
  <properties/>
  <testcase name="hello가_리턴된다" classname="com.jojoldu.book.springboot.web.HelloControllerTest" time="0.065"/>
  <testcase name="helloDto가_리턴된다" classname="com.jojoldu.book.springboot.web.HelloControllerTest" time="0.177"/>
  <system-out><![CDATA[2021-07-26 00:43:52.946  INFO 2944 --- [    Test worker] .b.t.a.w.s.WebMvcTestContextBootstrapper : Neither @ContextConfiguration nor @ContextHierarchy found for test class [com.jojoldu.book.springboot.web.HelloControllerTest], using SpringBootContextLoader
2021-07-26 00:43:52.947  INFO 2944 --- [    Test worker] o.s.t.c.support.AbstractContextLoader    : Could not detect default resource locations for test class [com.jojoldu.book.springboot.web.HelloControllerTest]: no resource found for suffixes {-context.xml, Context.groovy}.
2021-07-26 00:43:52.948  INFO 2944 --- [    Test worker] t.c.s.AnnotationConfigContextLoaderUtils : Could not detect default configuration classes for test class [com.jojoldu.book.springboot.web.HelloControllerTest]: HelloControllerTest does not declare any static, non-private, non-final, nested classes annotated with @Configuration.
2021-07-26 00:43:52.976  INFO 2944 --- [    Test worker] .b.t.c.SpringBootTestContextBootstrapper : Found @SpringBootConfiguration com.jojoldu.book.springboot.Application for test class com.jojoldu.book.springboot.web.HelloControllerTest
2021-07-26 00:43:52.977  INFO 2944 --- [    Test worker] .b.t.a.w.s.WebMvcTestContextBootstrapper : Loaded default TestExecutionListener class names from location [META-INF/spring.factories]: [org.springframework.security.test.context.support.WithSecurityContextTestExecutionListener, org.springframework.security.test.context.support.ReactorContextTestExecutionListener, org.springframework.boot.test.autoconfigure.restdocs.RestDocsTestExecutionListener, org.springframework.boot.test.autoconfigure.web.client.MockRestServiceServerResetTestExecutionListener, org.springframework.boot.test.autoconfigure.web.servlet.MockMvcPrintOnlyOnFailureTestExecutionListener, org.springframework.boot.test.autoconfigure.web.servlet.WebDriverTestExecutionListener, org.springframework.boot.test.mock.mockito.MockitoTestExecutionListener, org.springframework.boot.test.mock.mockito.ResetMocksTestExecutionListener, org.springframework.test.context.web.ServletTestExecutionListener, org.springframework.test.context.support.DirtiesContextBeforeModesTestExecutionListener, org.springframework.test.context.support.DependencyInjectionTestExecutionListener, org.springframework.test.context.support.DirtiesContextTestExecutionListener, org.springframework.test.context.transaction.TransactionalTestExecutionListener, org.springframework.test.context.jdbc.SqlScriptsTestExecutionListener]
2021-07-26 00:43:52.979  INFO 2944 --- [    Test worker] .b.t.a.w.s.WebMvcTestContextBootstrapper : Using TestExecutionListeners: [org.springframework.test.context.web.ServletTestExecutionListener@ccd92dd, org.springframework.test.context.support.DirtiesContextBeforeModesTestExecutionListener@796a1445, org.springframework.boot.test.mock.mockito.MockitoTestExecutionListener@700b933e, org.springframework.boot.test.autoconfigure.SpringBootDependencyInjectionTestExecutionListener@58cabfbf, org.springframework.test.context.support.DirtiesContextTestExecutionListener@38f18501, org.springframework.test.context.transaction.TransactionalTestExecutionListener@11906666, org.springframework.test.context.jdbc.SqlScriptsTestExecutionListener@3dae9509, org.springframework.security.test.context.support.WithSecurityContextTestExecutionListener@3014f244, org.springframework.security.test.context.support.ReactorContextTestExecutionListener@4f9a0ca, org.springframework.boot.test.autoconfigure.restdocs.RestDocsTestExecutionListener@16c85565, org.springframework.boot.test.autoconfigure.web.client.MockRestServiceServerResetTestExecutionListener@5f079c68, org.springframework.boot.test.autoconfigure.web.servlet.MockMvcPrintOnlyOnFailureTestExecutionListener@4816c31e, org.springframework.boot.test.autoconfigure.web.servlet.WebDriverTestExecutionListener@120d526, org.springframework.boot.test.mock.mockito.ResetMocksTestExecutionListener@5597cb1a]

  .   ____          _            __ _ _
 /\\ / ___'_ __ _ _(_)_ __  __ _ \ \ \ \
( ( )\___ | '_ | '_| | '_ \/ _` | \ \ \ \
 \\/  ___)| |_)| | | | | || (_| |  ) ) ) )
  '  |____| .__|_| |_|_| |_\__, | / / / /
 =========|_|==============|___/=/_/_/_/
 :: Spring Boot ::        (v2.1.7.RELEASE)

2021-07-26 00:43:53.068  INFO 2944 --- [    Test worker] c.j.b.s.web.HelloControllerTest          : Starting HelloControllerTest on DESKTOP-13FLTSJ with PID 2944 (started by 32469 in C:\Users\32469\IdeaProjects\freelec-springboot2-webservice)
2021-07-26 00:43:53.069  INFO 2944 --- [    Test worker] c.j.b.s.web.HelloControllerTest          : No active profile set, falling back to default profiles: default
2021-07-26 00:43:53.925  INFO 2944 --- [    Test worker] o.s.s.concurrent.ThreadPoolTaskExecutor  : Initializing ExecutorService 'applicationTaskExecutor'
2021-07-26 00:43:53.994  INFO 2944 --- [    Test worker] o.s.b.a.w.s.WelcomePageHandlerMapping    : Adding welcome page template: index
2021-07-26 00:43:54.411  INFO 2944 --- [    Test worker] .s.s.UserDetailsServiceAutoConfiguration : 

Using generated security password: 490a9b9a-2eba-4dbd-967b-91ccf55165c9

2021-07-26 00:43:54.698  INFO 2944 --- [    Test worker] o.s.s.web.DefaultSecurityFilterChain     : Creating filter chain: any request, [org.springframework.security.web.context.request.async.WebAsyncManagerIntegrationFilter@7dc5e2a0, org.springframework.security.web.context.SecurityContextPersistenceFilter@766d2cd8, org.springframework.security.web.header.HeaderWriterFilter@6d7fadc2, org.springframework.security.web.csrf.CsrfFilter@25d1c222, org.springframework.security.web.authentication.logout.LogoutFilter@35c852a5, org.springframework.security.web.authentication.UsernamePasswordAuthenticationFilter@47dc5ef8, org.springframework.security.web.authentication.ui.DefaultLoginPageGeneratingFilter@37e7c4e3, org.springframework.security.web.authentication.ui.DefaultLogoutPageGeneratingFilter@392cae27, org.springframework.security.web.authentication.www.BasicAuthenticationFilter@1e115454, org.springframework.security.web.savedrequest.RequestCacheAwareFilter@4485204b, org.springframework.security.web.servletapi.SecurityContextHolderAwareRequestFilter@540484a4, org.springframework.security.web.authentication.AnonymousAuthenticationFilter@2d0bfea2, org.springframework.security.web.session.SessionManagementFilter@4694b29d, org.springframework.security.web.access.ExceptionTranslationFilter@459ee886, org.springframework.security.web.access.intercept.FilterSecurityInterceptor@71aad0ae]
2021-07-26 00:43:54.735  INFO 2944 --- [    Test worker] o.s.b.t.m.w.SpringBootMockServletContext : Initializing Spring TestDispatcherServlet ''
2021-07-26 00:43:54.735  INFO 2944 --- [    Test worker] o.s.t.web.servlet.TestDispatcherServlet  : Initializing Servlet ''
2021-07-26 00:43:54.761  INFO 2944 --- [    Test worker] o.s.t.web.servlet.TestDispatcherServlet  : Completed initialization in 26 ms
2021-07-26 00:43:54.817  INFO 2944 --- [    Test worker] c.j.b.s.web.HelloControllerTest          : Started HelloControllerTest in 1.834 seconds (JVM running for 20.608)
]]></system-out>
  <system-err><![CDATA[]]></system-err>
</testsuite>
